<?xml version="1.0" encoding="UTF-8"?>
<testsuite xmlns:xsi="http://www.w3.org/2001/XMLSchema-instance" xsi:noNamespaceSchemaLocation="https://maven.apache.org/surefire/maven-surefire-plugin/xsd/surefire-test-report.xsd" name="Cucumber.Options.TestRunner" time="47.703" tests="2" errors="0" skipped="0" failures="0">
  <properties>
[...]
</properties>
  <testcase name="validate search functionality" classname="validating Search  and add vegitables functionality" time="27.522"/>
  <testcase name="validate adding vegitables to cart" classname="validating Search  and add vegitables functionality" time="19.62"/>
</testsuite>